{"type":"server-started","port":51438,"host":"127.0.0.1","url_host":"localhost","url":"http://localhost:51438","screen_dir":"/Users/wil/Documents/Dinamiq/WebSiteDowntownLF/.superpowers/brainstorm/8828-1780172527/content","state_dir":"/Users/wil/Documents/Dinamiq/WebSiteDowntownLF/.superpowers/brainstorm/8828-1780172527/state"}
{"type":"screen-added","file":"/Users/wil/Documents/Dinamiq/WebSiteDowntownLF/.superpowers/brainstorm/8828-1780172527/content/footer-directions.html"}
{"type":"screen-updated","file":"/Users/wil/Documents/Dinamiq/WebSiteDowntownLF/.superpowers/brainstorm/8828-1780172527/content/footer-directions.html"}
{"type":"screen-updated","file":"/Users/wil/Documents/Dinamiq/WebSiteDowntownLF/.superpowers/brainstorm/8828-1780172527/content/footer-directions.html"}
{"type":"screen-updated","file":"/Users/wil/Documents/Dinamiq/WebSiteDowntownLF/.superpowers/brainstorm/8828-1780172527/content/footer-directions.html"}
{"source":"user-event","type":"click","text":"LA FORTUNA · COSTA RICA\n          \n            \"En el corazón de lasexperiencias.\"\n          \n          \n            4.3GOOGLE\n            4.4TRIPADVISOR\n            8.2BOOKING\n          \n        \n        \n        \n          CONTACTO\n          +506 4000-2027\n          +506 8527-4677\n          reservaciones@...\n          \n            🗺 Mapa\n          \n        \n      \n      \n      \n        \n          HabitacionesExperienciasBienestarGastronomía\n        \n        \n          f\n          ig\n          wa\n        \n      \n      \n        © 2026 La Fortuna Downtown\n        Privacidad · Términos · Contacto\n      \n    \n    \n      C — Editorial / Boutique\n      Layout asimétrico (2/3 + 1/3). El tagline del hotel como cita visual con acento dorado. Ratings destacados. Links de navegación en una sola fila horizontal abajo.","choice":"c","id":null,"timestamp":1780172671691}
{"source":"user-event","type":"click","text":"LA FORTUNA · COSTA RICA\n          \n            \"En el corazón de lasexperiencias.\"\n          \n          \n            4.3GOOGLE\n            4.4TRIPADVISOR\n            8.2BOOKING\n          \n        \n        \n        \n          CONTACTO\n          +506 4000-2027\n          +506 8527-4677\n          reservaciones@...\n          \n            🗺 Mapa\n          \n        \n      \n      \n      \n        \n          HabitacionesExperienciasBienestarGastronomía\n        \n        \n          f\n          ig\n          wa\n        \n      \n      \n        © 2026 La Fortuna Downtown\n        Privacidad · Términos · Contacto\n      \n    \n    \n      C — Editorial / Boutique\n      Layout asimétrico (2/3 + 1/3). El tagline del hotel como cita visual con acento dorado. Ratings destacados. Links de navegación en una sola fila horizontal abajo.","choice":"c","id":null,"timestamp":1780172674922}
{"type":"screen-added","file":"/Users/wil/Documents/Dinamiq/WebSiteDowntownLF/.superpowers/brainstorm/8828-1780172527/content/footer-formulario.html"}
{"type":"screen-updated","file":"/Users/wil/Documents/Dinamiq/WebSiteDowntownLF/.superpowers/brainstorm/8828-1780172527/content/footer-formulario.html"}
{"type":"screen-updated","file":"/Users/wil/Documents/Dinamiq/WebSiteDowntownLF/.superpowers/brainstorm/8828-1780172527/content/footer-formulario.html"}
{"source":"user-event","type":"click","text":"A\n    \n      Quitarlo del footer\n      Más limpio y coherente con el estilo boutique. Si se necesita, puede ir en otra sección de la página (banner dedicado, por ejemplo).","choice":"a","id":null,"timestamp":1780172706196}
{"type":"screen-added","file":"/Users/wil/Documents/Dinamiq/WebSiteDowntownLF/.superpowers/brainstorm/8828-1780172527/content/footer-redes.html"}
{"type":"screen-updated","file":"/Users/wil/Documents/Dinamiq/WebSiteDowntownLF/.superpowers/brainstorm/8828-1780172527/content/footer-redes.html"}
{"type":"screen-updated","file":"/Users/wil/Documents/Dinamiq/WebSiteDowntownLF/.superpowers/brainstorm/8828-1780172527/content/footer-redes.html"}
{"source":"user-event","type":"click","text":"A\n    \n      Iconos SVG reales\n      Facebook, Instagram y WhatsApp con sus iconos oficiales en blanco, pequeños y discretos. Más profesional que las letras.","choice":"a","id":null,"timestamp":1780172778738}
{"type":"screen-added","file":"/Users/wil/Documents/Dinamiq/WebSiteDowntownLF/.superpowers/brainstorm/8828-1780172527/content/footer-final-mockup.html"}
{"type":"screen-updated","file":"/Users/wil/Documents/Dinamiq/WebSiteDowntownLF/.superpowers/brainstorm/8828-1780172527/content/footer-final-mockup.html"}
{"type":"screen-updated","file":"/Users/wil/Documents/Dinamiq/WebSiteDowntownLF/.superpowers/brainstorm/8828-1780172527/content/footer-final-mockup.html"}
{"type":"screen-updated","file":"/Users/wil/Documents/Dinamiq/WebSiteDowntownLF/.superpowers/brainstorm/8828-1780172527/content/footer-final-mockup.html"}
{"type":"screen-added","file":"/Users/wil/Documents/Dinamiq/WebSiteDowntownLF/.superpowers/brainstorm/8828-1780172527/content/footer-espacio.html"}
{"type":"screen-updated","file":"/Users/wil/Documents/Dinamiq/WebSiteDowntownLF/.superpowers/brainstorm/8828-1780172527/content/footer-espacio.html"}
{"type":"screen-updated","file":"/Users/wil/Documents/Dinamiq/WebSiteDowntownLF/.superpowers/brainstorm/8828-1780172527/content/footer-espacio.html"}
{"type":"screen-updated","file":"/Users/wil/Documents/Dinamiq/WebSiteDowntownLF/.superpowers/brainstorm/8828-1780172527/content/footer-espacio.html"}
{"source":"user-event","type":"click","text":"A\n    \n      Párrafo de descripción\n      Agregar 2 líneas cortas debajo del tagline: \"Hotel boutique en el corazón de La Fortuna. A minutos del Volcán Arenal, las cataratas y las aguas termales.\"Llena el espacio con contenido relevante y ayuda al SEO.","choice":"a","id":null,"timestamp":1780174089131}
{"type":"server-stopped","reason":"owner process exited"}
